2022-02-09 12:18:49,002 - root - INFO - *******TEST_001_LOGIN*******
2022-02-09 12:18:49,002 - root - INFO - ******** Verifying Home Page Title******
2022-02-09 12:23:50,747 - root - INFO - *******verifying Login Test*******
2022-02-09 13:26:23,956 - root - INFO - ****** TEST_002_DDT_LOGIN******
2022-02-09 13:26:23,956 - root - INFO - *******verifying Login Test*******
2022-02-09 13:26:34,495 - root - INFO - *****Failed*****
2022-02-09 13:26:34,495 - root - INFO - Login DDt test failed....
2022-02-09 13:30:31,496 - root - INFO - ****** TEST_002_DDT_LOGIN******
2022-02-09 13:30:31,496 - root - INFO - *******verifying Login Test*******
2022-02-09 13:32:35,976 - root - INFO - ****** TEST_002_DDT_LOGIN******
2022-02-09 13:32:35,976 - root - INFO - *******verifying Login Test*******
2022-02-09 13:32:45,841 - root - INFO - *****Failed*****
2022-02-09 13:32:51,577 - root - INFO - ***Failed****
2022-02-09 13:35:01,761 - root - INFO - ****** TEST_002_DDT_LOGIN******
2022-02-09 13:35:01,761 - root - INFO - *******verifying Login Test*******
2022-02-09 13:36:16,974 - root - INFO - ****** TEST_002_DDT_LOGIN******
2022-02-09 13:36:16,974 - root - INFO - *******verifying Login Test*******
2022-02-09 13:36:40,618 - root - INFO - *****Failed*****
2022-02-09 13:36:46,583 - root - INFO - ***Failed****
2022-02-09 13:39:30,017 - root - INFO - ****** TEST_002_DDT_LOGIN******
2022-02-09 13:39:30,017 - root - INFO - *******verifying Login Test*******
2022-02-09 13:39:38,490 - root - INFO - *****Failed*****
2022-02-09 13:39:45,389 - root - INFO - ***Failed****
2022-02-09 13:42:32,047 - root - INFO - ****** TEST_002_DDT_LOGIN******
2022-02-09 13:42:32,047 - root - INFO - *******verifying Login Test*******
2022-02-09 13:42:40,101 - root - INFO - *****Failed*****
2022-02-09 13:43:21,527 - root - INFO - ****** TEST_002_DDT_LOGIN******
2022-02-09 13:43:21,527 - root - INFO - *******verifying Login Test*******
2022-02-09 13:43:47,922 - root - INFO - *****Failed*****
2022-02-09 13:43:56,275 - root - INFO - ***Failed****
2022-02-09 13:49:26,923 - root - INFO - ****** TEST_002_DDT_LOGIN******
2022-02-09 13:49:26,923 - root - INFO - *******verifying Login Test*******
2022-02-09 13:49:51,903 - root - INFO - *****Failed*****
2022-02-09 13:50:02,584 - root - INFO - ***Failed****
2022-02-09 13:50:34,553 - root - INFO - ****** TEST_002_DDT_LOGIN******
2022-02-09 13:50:34,553 - root - INFO - *******verifying Login Test*******
2022-02-09 13:50:59,133 - root - INFO - *****Failed*****
2022-02-09 13:52:37,824 - root - INFO - ******* Starting Test_002_DDT_Login Test **********
2022-02-09 13:52:37,824 - root - INFO - ******* Starting Login DDT Test **********
2022-02-09 13:53:04,837 - root - INFO - **** failed ****
2022-02-09 13:54:44,166 - root - INFO - ******* Starting Test_002_DDT_Login Test **********
2022-02-09 13:54:44,174 - root - INFO - ******* Starting Login DDT Test **********
2022-02-09 13:55:53,914 - root - INFO - ******* Starting Test_002_DDT_Login Test **********
2022-02-09 13:55:53,914 - root - INFO - ******* Starting Login DDT Test **********
2022-02-09 13:56:35,021 - root - INFO - **** failed ****
2022-02-09 13:56:42,335 - root - INFO - **** passed ****
2022-02-09 13:56:49,703 - root - INFO - **** passed ****
2022-02-09 13:57:10,068 - root - INFO - ******* Starting Test_002_DDT_Login Test **********
2022-02-09 13:57:10,068 - root - INFO - ******* Starting Login DDT Test **********
2022-02-09 13:57:37,849 - root - INFO - **** passed ****
2022-02-09 13:58:33,302 - root - INFO - ******* Starting Test_002_DDT_Login Test **********
2022-02-09 13:58:33,302 - root - INFO - ******* Starting Login DDT Test **********
2022-02-09 13:58:45,685 - root - INFO - **** passed ****
2022-02-09 15:06:30,137 - root - INFO - ******* Starting Test_002_DDT_Login Test **********
2022-02-09 15:06:30,137 - root - INFO - ******* Starting Login DDT Test **********
2022-02-09 15:07:00,940 - root - INFO - **** passed ****
2022-02-09 15:09:25,601 - root - INFO - ******* Starting Test_002_DDT_Login Test **********
2022-02-09 15:09:25,601 - root - INFO - ******* Starting Login DDT Test **********
2022-02-09 15:10:47,136 - root - INFO - ******* Starting Test_002_DDT_Login Test **********
2022-02-09 15:10:47,136 - root - INFO - ******* Starting Login DDT Test **********
2022-02-09 15:11:28,386 - root - INFO - **** failed ****
2022-02-09 15:11:36,727 - root - INFO - **** passed ****
2022-02-09 15:11:44,310 - root - INFO - **** passed ****
2022-02-09 15:11:52,024 - root - INFO - **** passed ****
2022-02-09 15:12:09,724 - root - INFO - ******* DDT Login test failed **********
2022-02-09 15:29:21,999 - root - INFO - ******* Starting Test_002_DDT_Login Test **********
2022-02-09 15:29:21,999 - root - INFO - ******* Starting Login DDT Test **********
2022-02-09 15:29:36,075 - root - INFO - **** passed ****
2022-02-09 15:30:55,748 - root - INFO - ******* Starting Test_002_DDT_Login Test **********
2022-02-09 15:30:55,748 - root - INFO - ******* Starting Login DDT Test **********
2022-02-09 15:31:26,593 - root - INFO - **** passed ****
2022-02-09 15:31:38,058 - root - INFO - **** passed ****
2022-02-09 15:53:14,727 - root - INFO - ******* Starting Test_002_DDT_Login Test **********
2022-02-09 15:53:14,727 - root - INFO - ******* Starting Login DDT Test **********
2022-02-09 15:53:26,210 - root - INFO - **** passed ****
2022-02-09 15:53:39,768 - root - INFO - **** passed ****
2022-02-09 15:54:13,088 - root - INFO - **** passed ****
2022-02-09 15:54:20,715 - root - INFO - **** passed ****
2022-02-09 15:54:23,470 - root - INFO - ******* DDT Login test passed **********
2022-02-09 15:54:23,608 - root - INFO - ******* End of Login DDT Test **********
2022-02-09 15:54:23,608 - root - INFO - **************** Completed  TC_LoginDDT_002 ************* 
2022-02-09 18:22:46,455 - root - INFO - ************* Test_003_AddCustomer **********
2022-02-09 18:23:40,049 - root - INFO - ************* Test_003_AddCustomer **********
2022-02-09 18:26:15,496 - root - INFO - ************* Test_003_AddCustomer **********
2022-02-09 18:27:48,262 - root - INFO - ************* Test_003_AddCustomer **********
2022-02-09 18:28:36,665 - root - INFO - ************* Login succesful **********
2022-02-09 18:28:36,665 - root - INFO - ******* Starting Add Customer Test **********
2022-02-09 18:31:36,432 - root - INFO - ************* Test_003_AddCustomer **********
2022-02-09 18:31:59,445 - root - INFO - ************* Login succesful **********
2022-02-09 18:31:59,446 - root - INFO - ******* Starting Add Customer Test **********
2022-02-09 18:32:21,280 - root - INFO - ************* Providing customer info **********
2022-02-09 18:32:33,147 - root - INFO - ************* Saving customer info **********
2022-02-09 18:32:33,147 - root - INFO - ********* Add customer validation started *****************
2022-02-09 18:32:33,918 - root - INFO - ********* Add customer Test Passed *********
2022-02-09 18:32:33,994 - root - INFO - ******* Ending Add customer test **********
2022-02-09 18:35:19,312 - root - INFO - ************* Test_003_AddCustomer **********
2022-02-09 18:35:31,267 - root - INFO - ************* Login succesful **********
2022-02-09 18:35:31,267 - root - INFO - ******* Starting Add Customer Test **********
2022-02-09 18:35:36,046 - root - INFO - ************* Providing customer info **********
2022-02-09 18:35:48,694 - root - INFO - ************* Saving customer info **********
2022-02-09 18:35:48,694 - root - INFO - ********* Add customer validation started *****************
2022-02-09 18:35:49,791 - root - INFO - ********* Add customer Test Passed *********
2022-02-09 18:35:49,940 - root - INFO - ******* Ending Add customer test **********
2022-02-10 10:36:19,949 - root - INFO - ************* Test_003_AddCustomer **********
2022-02-10 10:36:30,287 - root - INFO - ************* Login succesful **********
2022-02-10 10:36:30,287 - root - INFO - ******* Starting Add Customer Test **********
2022-02-10 10:36:35,776 - root - INFO - ************* Providing customer info **********
2022-02-10 10:36:48,598 - root - INFO - ************* Saving customer info **********
2022-02-10 10:36:48,598 - root - INFO - ********* Add customer validation started *****************
2022-02-10 10:36:49,662 - root - INFO - ********* Add customer Test Passed *********
2022-02-10 10:36:49,868 - root - INFO - ******* Ending Add customer test **********
2022-02-10 12:13:16,517 - root - INFO - ************* SearchCustomerByEmail_004 **********
2022-02-10 12:17:52,837 - root - INFO - ************* SearchCustomerByEmail_004 **********
2022-02-10 12:20:51,628 - root - INFO - ************* SearchCustomerByEmail_004 **********
2022-02-10 12:22:05,806 - root - INFO - ************* SearchCustomerByEmail_004 **********
2022-02-10 12:22:13,722 - root - INFO - ************* Login succesful **********
2022-02-10 12:22:13,722 - root - INFO - ******* Starting Search Customer By Email **********
2022-02-10 12:22:16,648 - root - INFO - ************* searching customer by emailID **********
2022-02-10 12:22:22,469 - root - INFO - ***************  TC_SearchCustomerByEmail_004 Finished  *********** 
2022-02-10 13:42:32,887 - root - INFO - ************* SearchCustomerByEmail_004 **********
2022-02-10 13:43:10,894 - root - INFO - ************* Login succesful **********
2022-02-10 13:43:10,894 - root - INFO - ******* Starting Search Customer By Email **********
2022-02-10 13:43:13,728 - root - INFO - ************* searching customer by emailID **********
2022-02-10 13:43:20,314 - root - INFO - ***************  TC_SearchCustomerByEmail_004 Finished  *********** 
2022-02-10 15:52:55,170 - root - INFO - *******TEST_001_LOGIN*******
2022-02-10 15:52:55,170 - root - INFO - ******** Verifying Home Page Title******
2022-02-10 15:53:02,120 - root - INFO - ******** Home Page title test is passed ********
2022-02-10 15:53:02,128 - root - INFO - *******verifying Login Test*******
2022-02-10 15:54:48,270 - root - INFO - *******TEST_001_LOGIN*******
2022-02-10 15:54:48,278 - root - INFO - ******** Verifying Home Page Title******
2022-02-10 15:55:00,715 - root - INFO - ******** Home Page title test is passed ********
2022-02-10 15:55:00,721 - root - INFO - *******verifying Login Test*******
2022-02-10 15:55:50,269 - root - INFO - *******TEST_001_LOGIN*******
2022-02-10 15:55:50,269 - root - INFO - ******** Verifying Home Page Title******
2022-02-10 15:56:25,688 - root - ERROR - ******** Home Page title is Passes *********
2022-02-10 15:56:25,901 - root - INFO - *******verifying Login Test*******
2022-02-10 15:56:31,940 - root - INFO - *******TEST_001_LOGIN*******
2022-02-10 15:56:31,940 - root - INFO - ******** Verifying Home Page Title******
2022-02-10 15:57:07,618 - root - ERROR - ******** Home Page title is Passes *********
2022-02-10 15:57:07,834 - root - INFO - *******verifying Login Test*******
2022-02-10 16:00:31,522 - root - INFO - *******TEST_001_LOGIN*******
2022-02-10 16:00:31,522 - root - INFO - ******** Verifying Home Page Title******
2022-02-10 16:00:31,706 - root - INFO - *******verifying Login Test*******
2022-02-10 16:01:24,513 - root - INFO - *******TEST_001_LOGIN*******
2022-02-10 16:01:24,513 - root - INFO - ******** Verifying Home Page Title******
2022-02-10 16:01:24,729 - root - INFO - *******verifying Login Test*******
2022-02-10 16:02:02,919 - root - INFO - *******TEST_001_LOGIN*******
2022-02-10 16:02:02,919 - root - INFO - ******** Verifying Home Page Title******
2022-02-10 16:02:06,494 - root - INFO - ******** Home Page title test is passed ********
2022-02-10 16:02:06,494 - root - INFO - *******verifying Login Test*******
2022-02-10 16:02:29,991 - root - INFO - *******TEST_001_LOGIN*******
2022-02-10 16:02:29,991 - root - INFO - ******** Verifying Home Page Title******
2022-02-10 16:02:50,187 - root - INFO - ******** Home Page title test is passed ********
2022-02-10 16:02:51,624 - root - INFO - *******verifying Login Test*******
2022-02-10 17:17:24,473 - root - INFO - ************* Test_003_AddCustomer **********
2022-02-10 17:23:08,942 - root - INFO - ************* Test_003_AddCustomer **********
2022-02-10 17:23:30,772 - root - INFO - ************* Login succesful **********
2022-02-10 17:23:30,772 - root - INFO - ******* Starting Add Customer Test **********
2022-02-10 17:23:37,209 - root - INFO - ************* Providing customer info **********
2022-02-10 17:23:50,139 - root - INFO - ************* Saving customer info **********
2022-02-10 17:23:50,139 - root - INFO - ********* Add customer validation started *****************
2022-02-10 17:23:51,975 - root - INFO - ********* Add customer Test Passed *********
2022-02-10 17:23:52,091 - root - INFO - ******* Ending Add customer test **********
2022-02-10 17:25:19,368 - root - INFO - ************* Test_003_AddCustomer **********
2022-02-10 17:25:19,368 - root - INFO - ************* Test_003_AddCustomer **********
2022-02-10 17:25:19,368 - root - INFO - ************* Test_003_AddCustomer **********
2022-02-10 17:25:19,368 - root - INFO - ************* Test_003_AddCustomer **********
2022-02-10 17:25:39,879 - root - INFO - ************* Login succesful **********
2022-02-10 17:25:39,879 - root - INFO - ************* Login succesful **********
2022-02-10 17:25:39,879 - root - INFO - ************* Login succesful **********
2022-02-10 17:25:39,879 - root - INFO - ************* Login succesful **********
2022-02-10 17:25:39,887 - root - INFO - ******* Starting Add Customer Test **********
2022-02-10 17:25:39,887 - root - INFO - ******* Starting Add Customer Test **********
2022-02-10 17:25:39,887 - root - INFO - ******* Starting Add Customer Test **********
2022-02-10 17:25:39,887 - root - INFO - ******* Starting Add Customer Test **********
2022-02-10 17:25:45,626 - root - INFO - ************* Providing customer info **********
2022-02-10 17:25:45,626 - root - INFO - ************* Providing customer info **********
2022-02-10 17:25:45,626 - root - INFO - ************* Providing customer info **********
2022-02-10 17:25:45,626 - root - INFO - ************* Providing customer info **********
2022-02-10 17:25:58,523 - root - INFO - ************* Saving customer info **********
2022-02-10 17:25:58,523 - root - INFO - ************* Saving customer info **********
2022-02-10 17:25:58,523 - root - INFO - ************* Saving customer info **********
2022-02-10 17:25:58,523 - root - INFO - ************* Saving customer info **********
2022-02-10 17:25:58,531 - root - INFO - ********* Add customer validation started *****************
2022-02-10 17:25:58,531 - root - INFO - ********* Add customer validation started *****************
2022-02-10 17:25:58,531 - root - INFO - ********* Add customer validation started *****************
2022-02-10 17:25:58,531 - root - INFO - ********* Add customer validation started *****************
2022-02-10 17:25:59,858 - root - INFO - ********* Add customer Test Passed *********
2022-02-10 17:25:59,858 - root - INFO - ********* Add customer Test Passed *********
2022-02-10 17:25:59,858 - root - INFO - ********* Add customer Test Passed *********
2022-02-10 17:25:59,858 - root - INFO - ********* Add customer Test Passed *********
2022-02-10 17:26:00,039 - root - INFO - ******* Ending Add customer test **********
2022-02-10 17:26:00,039 - root - INFO - ******* Ending Add customer test **********
2022-02-10 17:26:00,039 - root - INFO - ******* Ending Add customer test **********
2022-02-10 17:26:00,039 - root - INFO - ******* Ending Add customer test **********
2022-02-10 17:26:01,361 - root - INFO - *******TEST_001_LOGIN*******
2022-02-10 17:26:01,361 - root - INFO - *******TEST_001_LOGIN*******
2022-02-10 17:26:01,361 - root - INFO - *******TEST_001_LOGIN*******
2022-02-10 17:26:01,361 - root - INFO - *******TEST_001_LOGIN*******
2022-02-10 17:26:01,361 - root - INFO - ******** Verifying Home Page Title******
2022-02-10 17:26:01,361 - root - INFO - ******** Verifying Home Page Title******
2022-02-10 17:26:01,361 - root - INFO - ******** Verifying Home Page Title******
2022-02-10 17:26:01,361 - root - INFO - ******** Verifying Home Page Title******
2022-02-10 17:26:15,527 - root - INFO - ******** Home Page title test is passed ********
2022-02-10 17:26:15,527 - root - INFO - ******** Home Page title test is passed ********
2022-02-10 17:26:15,527 - root - INFO - ******** Home Page title test is passed ********
2022-02-10 17:26:15,527 - root - INFO - ******** Home Page title test is passed ********
2022-02-10 17:26:17,002 - root - INFO - *******verifying Login Test*******
2022-02-10 17:26:17,002 - root - INFO - *******verifying Login Test*******
2022-02-10 17:26:17,002 - root - INFO - *******verifying Login Test*******
2022-02-10 17:26:17,002 - root - INFO - *******verifying Login Test*******
2022-02-10 17:26:51,864 - root - INFO - *******Verifying Login test*******
2022-02-10 17:26:51,864 - root - INFO - *******Verifying Login test*******
2022-02-10 17:26:51,864 - root - INFO - *******Verifying Login test*******
2022-02-10 17:26:51,864 - root - INFO - *******Verifying Login test*******
2022-02-10 17:26:53,421 - root - INFO - ******* Starting Test_002_DDT_Login Test **********
2022-02-10 17:26:53,421 - root - INFO - ******* Starting Test_002_DDT_Login Test **********
2022-02-10 17:26:53,421 - root - INFO - ******* Starting Test_002_DDT_Login Test **********
2022-02-10 17:26:53,421 - root - INFO - ******* Starting Test_002_DDT_Login Test **********
2022-02-10 17:26:53,421 - root - INFO - ******* Starting Login DDT Test **********
2022-02-10 17:26:53,421 - root - INFO - ******* Starting Login DDT Test **********
2022-02-10 17:26:53,421 - root - INFO - ******* Starting Login DDT Test **********
2022-02-10 17:26:53,421 - root - INFO - ******* Starting Login DDT Test **********
2022-02-10 17:27:18,449 - root - INFO - **** passed ****
2022-02-10 17:27:18,449 - root - INFO - **** passed ****
2022-02-10 17:27:18,449 - root - INFO - **** passed ****
2022-02-10 17:27:18,449 - root - INFO - **** passed ****
2022-02-10 17:27:21,438 - root - INFO - ************* SearchCustomerByEmail_004 **********
2022-02-10 17:27:21,438 - root - INFO - ************* SearchCustomerByEmail_004 **********
2022-02-10 17:27:21,438 - root - INFO - ************* SearchCustomerByEmail_004 **********
2022-02-10 17:27:21,438 - root - INFO - ************* SearchCustomerByEmail_004 **********
2022-02-10 18:38:17,697 - root - INFO - ************* Test_003_AddCustomer **********
2022-02-10 18:38:17,697 - root - INFO - ************* Test_003_AddCustomer **********
2022-02-10 18:38:17,697 - root - INFO - ************* Test_003_AddCustomer **********
2022-02-10 18:38:17,697 - root - INFO - ************* Test_003_AddCustomer **********
2022-02-10 18:38:54,552 - root - INFO - ************* Login succesful **********
2022-02-10 18:38:54,552 - root - INFO - ************* Login succesful **********
2022-02-10 18:38:54,552 - root - INFO - ************* Login succesful **********
2022-02-10 18:38:54,552 - root - INFO - ************* Login succesful **********
2022-02-10 18:38:54,553 - root - INFO - ******* Starting Add Customer Test **********
2022-02-10 18:38:54,553 - root - INFO - ******* Starting Add Customer Test **********
2022-02-10 18:38:54,553 - root - INFO - ******* Starting Add Customer Test **********
2022-02-10 18:38:54,553 - root - INFO - ******* Starting Add Customer Test **********
2022-02-10 18:38:57,748 - root - INFO - *******TEST_001_LOGIN*******
2022-02-10 18:38:57,748 - root - INFO - *******TEST_001_LOGIN*******
2022-02-10 18:38:57,748 - root - INFO - *******TEST_001_LOGIN*******
2022-02-10 18:38:57,748 - root - INFO - *******TEST_001_LOGIN*******
2022-02-10 18:38:57,749 - root - INFO - ******** Verifying Home Page Title******
2022-02-10 18:38:57,749 - root - INFO - ******** Verifying Home Page Title******
2022-02-10 18:38:57,749 - root - INFO - ******** Verifying Home Page Title******
2022-02-10 18:38:57,749 - root - INFO - ******** Verifying Home Page Title******
2022-02-10 18:39:00,535 - root - INFO - ******** Home Page title test is passed ********
2022-02-10 18:39:00,535 - root - INFO - ******** Home Page title test is passed ********
2022-02-10 18:39:00,535 - root - INFO - ******** Home Page title test is passed ********
2022-02-10 18:39:00,535 - root - INFO - ******** Home Page title test is passed ********
2022-02-10 18:39:02,123 - root - INFO - *******verifying Login Test*******
2022-02-10 18:39:02,123 - root - INFO - *******verifying Login Test*******
2022-02-10 18:39:02,123 - root - INFO - *******verifying Login Test*******
2022-02-10 18:39:02,123 - root - INFO - *******verifying Login Test*******
2022-02-10 18:39:29,756 - root - INFO - *******Verifying Login test*******
2022-02-10 18:39:29,756 - root - INFO - *******Verifying Login test*******
2022-02-10 18:39:29,756 - root - INFO - *******Verifying Login test*******
2022-02-10 18:39:29,756 - root - INFO - *******Verifying Login test*******
2022-02-10 18:39:31,314 - root - INFO - ******* Starting Test_002_DDT_Login Test **********
2022-02-10 18:39:31,314 - root - INFO - ******* Starting Test_002_DDT_Login Test **********
2022-02-10 18:39:31,314 - root - INFO - ******* Starting Test_002_DDT_Login Test **********
2022-02-10 18:39:31,314 - root - INFO - ******* Starting Test_002_DDT_Login Test **********
2022-02-10 18:39:31,315 - root - INFO - ******* Starting Login DDT Test **********
2022-02-10 18:39:31,315 - root - INFO - ******* Starting Login DDT Test **********
2022-02-10 18:39:31,315 - root - INFO - ******* Starting Login DDT Test **********
2022-02-10 18:39:31,315 - root - INFO - ******* Starting Login DDT Test **********
2022-02-10 18:39:44,343 - root - INFO - **** passed ****
2022-02-10 18:39:44,343 - root - INFO - **** passed ****
2022-02-10 18:39:44,343 - root - INFO - **** passed ****
2022-02-10 18:39:44,343 - root - INFO - **** passed ****
2022-02-10 18:39:46,943 - root - INFO - ************* SearchCustomerByEmail_004 **********
2022-02-10 18:39:46,943 - root - INFO - ************* SearchCustomerByEmail_004 **********
2022-02-10 18:39:46,943 - root - INFO - ************* SearchCustomerByEmail_004 **********
2022-02-10 18:39:46,943 - root - INFO - ************* SearchCustomerByEmail_004 **********
2022-02-10 18:39:54,337 - root - INFO - ************* Login succesful **********
2022-02-10 18:39:54,337 - root - INFO - ************* Login succesful **********
2022-02-10 18:39:54,337 - root - INFO - ************* Login succesful **********
2022-02-10 18:39:54,337 - root - INFO - ************* Login succesful **********
2022-02-10 18:39:54,338 - root - INFO - ******* Starting Search Customer By Email **********
2022-02-10 18:39:54,338 - root - INFO - ******* Starting Search Customer By Email **********
2022-02-10 18:39:54,338 - root - INFO - ******* Starting Search Customer By Email **********
2022-02-10 18:39:54,338 - root - INFO - ******* Starting Search Customer By Email **********
2022-02-10 18:39:57,655 - root - INFO - ************* searching customer by emailID **********
2022-02-10 18:39:57,655 - root - INFO - ************* searching customer by emailID **********
2022-02-10 18:39:57,655 - root - INFO - ************* searching customer by emailID **********
2022-02-10 18:39:57,655 - root - INFO - ************* searching customer by emailID **********
2022-02-10 18:51:46,507 - root - INFO - ************* Test_003_AddCustomer **********
2022-02-10 18:53:32,997 - root - INFO - ************* Test_003_AddCustomer **********
2022-02-10 18:53:56,326 - root - INFO - ************* Login succesful **********
2022-02-10 18:53:56,327 - root - INFO - ******* Starting Add Customer Test **********
2022-02-10 18:54:22,350 - root - INFO - ************* Test_003_AddCustomer **********
2022-02-10 18:54:30,366 - root - INFO - ************* Login succesful **********
2022-02-10 18:54:30,366 - root - INFO - ******* Starting Add Customer Test **********
2022-02-10 18:54:34,452 - root - INFO - ************* Providing customer info **********
2022-02-10 18:54:46,892 - root - INFO - ************* Saving customer info **********
2022-02-10 18:54:46,893 - root - INFO - ********* Add customer validation started *****************
2022-02-10 18:54:47,651 - root - INFO - ********* Add customer Test Passed *********
2022-02-10 18:54:47,833 - root - INFO - ******* Ending Add customer test **********
2022-02-10 19:06:37,928 - root - INFO - ************* Test_003_AddCustomer **********
2022-02-10 19:06:37,928 - root - INFO - ************* Test_003_AddCustomer **********
2022-02-10 19:06:37,928 - root - INFO - ************* Test_003_AddCustomer **********
2022-02-10 19:06:37,928 - root - INFO - ************* Test_003_AddCustomer **********
2022-02-10 19:06:46,381 - root - INFO - ************* Login succesful **********
2022-02-10 19:06:46,381 - root - INFO - ************* Login succesful **********
2022-02-10 19:06:46,381 - root - INFO - ************* Login succesful **********
2022-02-10 19:06:46,381 - root - INFO - ************* Login succesful **********
2022-02-10 19:06:46,383 - root - INFO - ******* Starting Add Customer Test **********
2022-02-10 19:06:46,383 - root - INFO - ******* Starting Add Customer Test **********
2022-02-10 19:06:46,383 - root - INFO - ******* Starting Add Customer Test **********
2022-02-10 19:06:46,383 - root - INFO - ******* Starting Add Customer Test **********
2022-02-10 19:06:52,205 - root - INFO - *******TEST_001_LOGIN*******
2022-02-10 19:06:52,205 - root - INFO - *******TEST_001_LOGIN*******
2022-02-10 19:06:52,205 - root - INFO - *******TEST_001_LOGIN*******
2022-02-10 19:06:52,205 - root - INFO - *******TEST_001_LOGIN*******
2022-02-10 19:06:52,206 - root - INFO - ******** Verifying Home Page Title******
2022-02-10 19:06:52,206 - root - INFO - ******** Verifying Home Page Title******
2022-02-10 19:06:52,206 - root - INFO - ******** Verifying Home Page Title******
2022-02-10 19:06:52,206 - root - INFO - ******** Verifying Home Page Title******
2022-02-10 19:06:56,831 - root - INFO - *******verifying Login Test*******
2022-02-10 19:06:56,831 - root - INFO - *******verifying Login Test*******
2022-02-10 19:06:56,831 - root - INFO - *******verifying Login Test*******
2022-02-10 19:06:56,831 - root - INFO - *******verifying Login Test*******
2022-02-10 19:07:00,420 - root - INFO - ******* Starting Test_002_DDT_Login Test **********
2022-02-10 19:07:00,420 - root - INFO - ******* Starting Test_002_DDT_Login Test **********
2022-02-10 19:07:00,420 - root - INFO - ******* Starting Test_002_DDT_Login Test **********
2022-02-10 19:07:00,420 - root - INFO - ******* Starting Test_002_DDT_Login Test **********
2022-02-10 19:07:00,421 - root - INFO - ******* Starting Login DDT Test **********
2022-02-10 19:07:00,421 - root - INFO - ******* Starting Login DDT Test **********
2022-02-10 19:07:00,421 - root - INFO - ******* Starting Login DDT Test **********
2022-02-10 19:07:00,421 - root - INFO - ******* Starting Login DDT Test **********
2022-02-10 19:10:39,602 - root - INFO - ************* Test_003_AddCustomer **********
2022-02-10 19:10:39,602 - root - INFO - ************* Test_003_AddCustomer **********
2022-02-10 19:10:39,602 - root - INFO - ************* Test_003_AddCustomer **********
2022-02-10 19:10:39,602 - root - INFO - ************* Test_003_AddCustomer **********
2022-02-10 19:10:46,963 - root - INFO - ************* Login succesful **********
2022-02-10 19:10:46,963 - root - INFO - ************* Login succesful **********
2022-02-10 19:10:46,963 - root - INFO - ************* Login succesful **********
2022-02-10 19:10:46,963 - root - INFO - ************* Login succesful **********
2022-02-10 19:10:46,964 - root - INFO - ******* Starting Add Customer Test **********
2022-02-10 19:10:46,964 - root - INFO - ******* Starting Add Customer Test **********
2022-02-10 19:10:46,964 - root - INFO - ******* Starting Add Customer Test **********
2022-02-10 19:10:46,964 - root - INFO - ******* Starting Add Customer Test **********
2022-02-10 19:10:50,463 - root - INFO - ************* Providing customer info **********
2022-02-10 19:10:50,463 - root - INFO - ************* Providing customer info **********
2022-02-10 19:10:50,463 - root - INFO - ************* Providing customer info **********
2022-02-10 19:10:50,463 - root - INFO - ************* Providing customer info **********
2022-02-10 19:11:02,737 - root - INFO - ************* Saving customer info **********
2022-02-10 19:11:02,737 - root - INFO - ************* Saving customer info **********
2022-02-10 19:11:02,737 - root - INFO - ************* Saving customer info **********
2022-02-10 19:11:02,737 - root - INFO - ************* Saving customer info **********
2022-02-10 19:11:02,738 - root - INFO - ********* Add customer validation started *****************
2022-02-10 19:11:02,738 - root - INFO - ********* Add customer validation started *****************
2022-02-10 19:11:02,738 - root - INFO - ********* Add customer validation started *****************
2022-02-10 19:11:02,738 - root - INFO - ********* Add customer validation started *****************
2022-02-10 19:11:04,285 - root - INFO - ********* Add customer Test Passed *********
2022-02-10 19:11:04,285 - root - INFO - ********* Add customer Test Passed *********
2022-02-10 19:11:04,285 - root - INFO - ********* Add customer Test Passed *********
2022-02-10 19:11:04,285 - root - INFO - ********* Add customer Test Passed *********
2022-02-10 19:11:04,482 - root - INFO - ******* Ending Add customer test **********
2022-02-10 19:11:04,482 - root - INFO - ******* Ending Add customer test **********
2022-02-10 19:11:04,482 - root - INFO - ******* Ending Add customer test **********
2022-02-10 19:11:04,482 - root - INFO - ******* Ending Add customer test **********
2022-02-10 19:11:06,328 - root - INFO - *******TEST_001_LOGIN*******
2022-02-10 19:11:06,328 - root - INFO - *******TEST_001_LOGIN*******
2022-02-10 19:11:06,328 - root - INFO - *******TEST_001_LOGIN*******
2022-02-10 19:11:06,328 - root - INFO - *******TEST_001_LOGIN*******
2022-02-10 19:11:06,329 - root - INFO - ******** Verifying Home Page Title******
2022-02-10 19:11:06,329 - root - INFO - ******** Verifying Home Page Title******
2022-02-10 19:11:06,329 - root - INFO - ******** Verifying Home Page Title******
2022-02-10 19:11:06,329 - root - INFO - ******** Verifying Home Page Title******
2022-02-10 19:11:09,058 - root - INFO - ******** Home Page title test is passed ********
2022-02-10 19:11:09,058 - root - INFO - ******** Home Page title test is passed ********
2022-02-10 19:11:09,058 - root - INFO - ******** Home Page title test is passed ********
2022-02-10 19:11:09,058 - root - INFO - ******** Home Page title test is passed ********
2022-02-10 19:11:10,888 - root - INFO - *******verifying Login Test*******
2022-02-10 19:11:10,888 - root - INFO - *******verifying Login Test*******
2022-02-10 19:11:10,888 - root - INFO - *******verifying Login Test*******
2022-02-10 19:11:10,888 - root - INFO - *******verifying Login Test*******
2022-02-10 19:11:19,744 - root - INFO - *******Verifying Login test*******
2022-02-10 19:11:19,744 - root - INFO - *******Verifying Login test*******
2022-02-10 19:11:19,744 - root - INFO - *******Verifying Login test*******
2022-02-10 19:11:19,744 - root - INFO - *******Verifying Login test*******
2022-02-10 19:11:21,752 - root - INFO - ******* Starting Test_002_DDT_Login Test **********
2022-02-10 19:11:21,752 - root - INFO - ******* Starting Test_002_DDT_Login Test **********
2022-02-10 19:11:21,752 - root - INFO - ******* Starting Test_002_DDT_Login Test **********
2022-02-10 19:11:21,752 - root - INFO - ******* Starting Test_002_DDT_Login Test **********
2022-02-10 19:11:21,752 - root - INFO - ******* Starting Login DDT Test **********
2022-02-10 19:11:21,752 - root - INFO - ******* Starting Login DDT Test **********
2022-02-10 19:11:21,752 - root - INFO - ******* Starting Login DDT Test **********
2022-02-10 19:11:21,752 - root - INFO - ******* Starting Login DDT Test **********
2022-02-10 19:11:49,301 - root - INFO - **** passed ****
2022-02-10 19:11:49,301 - root - INFO - **** passed ****
2022-02-10 19:11:49,301 - root - INFO - **** passed ****
2022-02-10 19:11:49,301 - root - INFO - **** passed ****
2022-02-10 19:11:58,146 - root - INFO - **** passed ****
2022-02-10 19:11:58,146 - root - INFO - **** passed ****
2022-02-10 19:11:58,146 - root - INFO - **** passed ****
2022-02-10 19:11:58,146 - root - INFO - **** passed ****
2022-02-10 19:12:05,890 - root - INFO - **** passed ****
2022-02-10 19:12:05,890 - root - INFO - **** passed ****
2022-02-10 19:12:05,890 - root - INFO - **** passed ****
2022-02-10 19:12:05,890 - root - INFO - **** passed ****
2022-02-10 19:12:14,051 - root - INFO - **** passed ****
2022-02-10 19:12:14,051 - root - INFO - **** passed ****
2022-02-10 19:12:14,051 - root - INFO - **** passed ****
2022-02-10 19:12:14,051 - root - INFO - **** passed ****
2022-02-10 19:12:15,267 - root - INFO - ******* DDT Login test passed **********
2022-02-10 19:12:15,267 - root - INFO - ******* DDT Login test passed **********
2022-02-10 19:12:15,267 - root - INFO - ******* DDT Login test passed **********
2022-02-10 19:12:15,267 - root - INFO - ******* DDT Login test passed **********
2022-02-10 19:12:15,414 - root - INFO - ******* End of Login DDT Test **********
2022-02-10 19:12:15,414 - root - INFO - ******* End of Login DDT Test **********
2022-02-10 19:12:15,414 - root - INFO - ******* End of Login DDT Test **********
2022-02-10 19:12:15,414 - root - INFO - ******* End of Login DDT Test **********
2022-02-10 19:12:15,414 - root - INFO - **************** Completed  TC_LoginDDT_002 ************* 
2022-02-10 19:12:15,414 - root - INFO - **************** Completed  TC_LoginDDT_002 ************* 
2022-02-10 19:12:15,414 - root - INFO - **************** Completed  TC_LoginDDT_002 ************* 
2022-02-10 19:12:15,414 - root - INFO - **************** Completed  TC_LoginDDT_002 ************* 
2022-02-10 19:12:17,117 - root - INFO - ************* SearchCustomerByEmail_004 **********
2022-02-10 19:12:17,117 - root - INFO - ************* SearchCustomerByEmail_004 **********
2022-02-10 19:12:17,117 - root - INFO - ************* SearchCustomerByEmail_004 **********
2022-02-10 19:12:17,117 - root - INFO - ************* SearchCustomerByEmail_004 **********
2022-02-10 19:12:24,732 - root - INFO - ************* Login succesful **********
2022-02-10 19:12:24,732 - root - INFO - ************* Login succesful **********
2022-02-10 19:12:24,732 - root - INFO - ************* Login succesful **********
2022-02-10 19:12:24,732 - root - INFO - ************* Login succesful **********
2022-02-10 19:12:24,733 - root - INFO - ******* Starting Search Customer By Email **********
2022-02-10 19:12:24,733 - root - INFO - ******* Starting Search Customer By Email **********
2022-02-10 19:12:24,733 - root - INFO - ******* Starting Search Customer By Email **********
2022-02-10 19:12:24,733 - root - INFO - ******* Starting Search Customer By Email **********
2022-02-10 19:12:27,724 - root - INFO - ************* searching customer by emailID **********
2022-02-10 19:12:27,724 - root - INFO - ************* searching customer by emailID **********
2022-02-10 19:12:27,724 - root - INFO - ************* searching customer by emailID **********
2022-02-10 19:12:27,724 - root - INFO - ************* searching customer by emailID **********
2022-02-11 11:47:32,861 - root - INFO - ************* Test_003_AddCustomer **********
2022-02-11 11:47:32,861 - root - INFO - ************* Test_003_AddCustomer **********
2022-02-11 11:47:32,861 - root - INFO - ************* Test_003_AddCustomer **********
2022-02-11 11:47:32,861 - root - INFO - ************* Test_003_AddCustomer **********
2022-02-11 11:48:27,529 - root - INFO - ************* Test_003_AddCustomer **********
2022-02-11 11:48:27,529 - root - INFO - ************* Test_003_AddCustomer **********
2022-02-11 11:48:27,529 - root - INFO - ************* Test_003_AddCustomer **********
2022-02-11 11:48:27,529 - root - INFO - ************* Test_003_AddCustomer **********
2022-02-11 11:48:51,399 - root - INFO - ************* Login succesful **********
2022-02-11 11:48:51,399 - root - INFO - ************* Login succesful **********
2022-02-11 11:48:51,399 - root - INFO - ************* Login succesful **********
2022-02-11 11:48:51,399 - root - INFO - ************* Login succesful **********
2022-02-11 11:48:51,399 - root - INFO - ******* Starting Add Customer Test **********
2022-02-11 11:48:51,399 - root - INFO - ******* Starting Add Customer Test **********
2022-02-11 11:48:51,399 - root - INFO - ******* Starting Add Customer Test **********
2022-02-11 11:48:51,399 - root - INFO - ******* Starting Add Customer Test **********
2022-02-11 11:48:55,596 - root - INFO - ************* Providing customer info **********
2022-02-11 11:48:55,596 - root - INFO - ************* Providing customer info **********
2022-02-11 11:48:55,596 - root - INFO - ************* Providing customer info **********
2022-02-11 11:48:55,596 - root - INFO - ************* Providing customer info **********
2022-02-11 11:49:09,331 - root - INFO - ************* Saving customer info **********
2022-02-11 11:49:09,331 - root - INFO - ************* Saving customer info **********
2022-02-11 11:49:09,331 - root - INFO - ************* Saving customer info **********
2022-02-11 11:49:09,331 - root - INFO - ************* Saving customer info **********
2022-02-11 11:49:09,331 - root - INFO - ********* Add customer validation started *****************
2022-02-11 11:49:09,331 - root - INFO - ********* Add customer validation started *****************
2022-02-11 11:49:09,331 - root - INFO - ********* Add customer validation started *****************
2022-02-11 11:49:09,331 - root - INFO - ********* Add customer validation started *****************
2022-02-11 11:49:11,424 - root - INFO - ********* Add customer Test Passed *********
2022-02-11 11:49:11,424 - root - INFO - ********* Add customer Test Passed *********
2022-02-11 11:49:11,424 - root - INFO - ********* Add customer Test Passed *********
2022-02-11 11:49:11,424 - root - INFO - ********* Add customer Test Passed *********
2022-02-11 11:49:11,592 - root - INFO - ******* Ending Add customer test **********
2022-02-11 11:49:11,592 - root - INFO - ******* Ending Add customer test **********
2022-02-11 11:49:11,592 - root - INFO - ******* Ending Add customer test **********
2022-02-11 11:49:11,592 - root - INFO - ******* Ending Add customer test **********
2022-02-11 11:49:12,999 - root - INFO - *******TEST_001_LOGIN*******
2022-02-11 11:49:12,999 - root - INFO - *******TEST_001_LOGIN*******
2022-02-11 11:49:12,999 - root - INFO - *******TEST_001_LOGIN*******
2022-02-11 11:49:12,999 - root - INFO - *******TEST_001_LOGIN*******
2022-02-11 11:49:12,999 - root - INFO - ******** Verifying Home Page Title******
2022-02-11 11:49:12,999 - root - INFO - ******** Verifying Home Page Title******
2022-02-11 11:49:12,999 - root - INFO - ******** Verifying Home Page Title******
2022-02-11 11:49:12,999 - root - INFO - ******** Verifying Home Page Title******
2022-02-11 11:49:14,932 - root - INFO - ******** Home Page title test is passed ********
2022-02-11 11:49:14,932 - root - INFO - ******** Home Page title test is passed ********
2022-02-11 11:49:14,932 - root - INFO - ******** Home Page title test is passed ********
2022-02-11 11:49:14,932 - root - INFO - ******** Home Page title test is passed ********
2022-02-11 11:49:16,612 - root - INFO - *******verifying Login Test*******
2022-02-11 11:49:16,612 - root - INFO - *******verifying Login Test*******
2022-02-11 11:49:16,612 - root - INFO - *******verifying Login Test*******
2022-02-11 11:49:16,612 - root - INFO - *******verifying Login Test*******
2022-02-11 11:49:39,710 - root - INFO - *******Verifying Login test*******
2022-02-11 11:49:39,710 - root - INFO - *******Verifying Login test*******
2022-02-11 11:49:39,710 - root - INFO - *******Verifying Login test*******
2022-02-11 11:49:39,710 - root - INFO - *******Verifying Login test*******
2022-02-11 11:49:41,398 - root - INFO - ******* Starting Test_002_DDT_Login Test **********
2022-02-11 11:49:41,398 - root - INFO - ******* Starting Test_002_DDT_Login Test **********
2022-02-11 11:49:41,398 - root - INFO - ******* Starting Test_002_DDT_Login Test **********
2022-02-11 11:49:41,398 - root - INFO - ******* Starting Test_002_DDT_Login Test **********
2022-02-11 11:49:41,398 - root - INFO - ******* Starting Login DDT Test **********
2022-02-11 11:49:41,398 - root - INFO - ******* Starting Login DDT Test **********
2022-02-11 11:49:41,398 - root - INFO - ******* Starting Login DDT Test **********
2022-02-11 11:49:41,398 - root - INFO - ******* Starting Login DDT Test **********
2022-02-11 11:50:08,376 - root - INFO - **** passed ****
2022-02-11 11:50:08,376 - root - INFO - **** passed ****
2022-02-11 11:50:08,376 - root - INFO - **** passed ****
2022-02-11 11:50:08,376 - root - INFO - **** passed ****
2022-02-11 11:50:28,303 - root - INFO - **** passed ****
2022-02-11 11:50:28,303 - root - INFO - **** passed ****
2022-02-11 11:50:28,303 - root - INFO - **** passed ****
2022-02-11 11:50:28,303 - root - INFO - **** passed ****
2022-02-11 11:50:35,637 - root - INFO - **** passed ****
2022-02-11 11:50:35,637 - root - INFO - **** passed ****
2022-02-11 11:50:35,637 - root - INFO - **** passed ****
2022-02-11 11:50:35,637 - root - INFO - **** passed ****
2022-02-11 11:50:44,286 - root - INFO - **** passed ****
2022-02-11 11:50:44,286 - root - INFO - **** passed ****
2022-02-11 11:50:44,286 - root - INFO - **** passed ****
2022-02-11 11:50:44,286 - root - INFO - **** passed ****
2022-02-11 11:50:45,996 - root - INFO - ******* DDT Login test passed **********
2022-02-11 11:50:45,996 - root - INFO - ******* DDT Login test passed **********
2022-02-11 11:50:45,996 - root - INFO - ******* DDT Login test passed **********
2022-02-11 11:50:45,996 - root - INFO - ******* DDT Login test passed **********
2022-02-11 11:50:46,180 - root - INFO - ******* End of Login DDT Test **********
2022-02-11 11:50:46,180 - root - INFO - ******* End of Login DDT Test **********
2022-02-11 11:50:46,180 - root - INFO - ******* End of Login DDT Test **********
2022-02-11 11:50:46,180 - root - INFO - ******* End of Login DDT Test **********
2022-02-11 11:50:46,180 - root - INFO - **************** Completed  TC_LoginDDT_002 ************* 
2022-02-11 11:50:46,180 - root - INFO - **************** Completed  TC_LoginDDT_002 ************* 
2022-02-11 11:50:46,180 - root - INFO - **************** Completed  TC_LoginDDT_002 ************* 
2022-02-11 11:50:46,180 - root - INFO - **************** Completed  TC_LoginDDT_002 ************* 
2022-02-11 11:50:47,681 - root - INFO - ************* SearchCustomerByEmail_004 **********
2022-02-11 11:50:47,681 - root - INFO - ************* SearchCustomerByEmail_004 **********
2022-02-11 11:50:47,681 - root - INFO - ************* SearchCustomerByEmail_004 **********
2022-02-11 11:50:47,681 - root - INFO - ************* SearchCustomerByEmail_004 **********
2022-02-11 11:51:21,719 - root - INFO - ************* Login succesful **********
2022-02-11 11:51:21,719 - root - INFO - ************* Login succesful **********
2022-02-11 11:51:21,719 - root - INFO - ************* Login succesful **********
2022-02-11 11:51:21,719 - root - INFO - ************* Login succesful **********
2022-02-11 11:51:21,719 - root - INFO - ******* Starting Search Customer By Email **********
2022-02-11 11:51:21,719 - root - INFO - ******* Starting Search Customer By Email **********
2022-02-11 11:51:21,719 - root - INFO - ******* Starting Search Customer By Email **********
2022-02-11 11:51:21,719 - root - INFO - ******* Starting Search Customer By Email **********
2022-02-11 11:53:02,566 - root - INFO - ************* searching customer by emailID **********
2022-02-11 11:53:02,566 - root - INFO - ************* searching customer by emailID **********
2022-02-11 11:53:02,566 - root - INFO - ************* searching customer by emailID **********
2022-02-11 11:53:02,566 - root - INFO - ************* searching customer by emailID **********
2022-02-11 12:41:12,972 - root - INFO - ************* Test_003_AddCustomer **********
2022-02-11 12:41:12,972 - root - INFO - ************* Test_003_AddCustomer **********
2022-02-11 12:41:12,972 - root - INFO - ************* Test_003_AddCustomer **********
2022-02-11 12:41:12,972 - root - INFO - ************* Test_003_AddCustomer **********
2022-02-11 12:41:12,972 - root - INFO - ************* Test_003_AddCustomer **********
2022-02-11 12:41:35,641 - root - INFO - ************* Login succesful **********
2022-02-11 12:41:35,641 - root - INFO - ************* Login succesful **********
2022-02-11 12:41:35,641 - root - INFO - ************* Login succesful **********
2022-02-11 12:41:35,641 - root - INFO - ************* Login succesful **********
2022-02-11 12:41:35,641 - root - INFO - ************* Login succesful **********
2022-02-11 12:41:35,641 - root - INFO - ******* Starting Add Customer Test **********
2022-02-11 12:41:35,641 - root - INFO - ******* Starting Add Customer Test **********
2022-02-11 12:41:35,641 - root - INFO - ******* Starting Add Customer Test **********
2022-02-11 12:41:35,641 - root - INFO - ******* Starting Add Customer Test **********
2022-02-11 12:41:35,641 - root - INFO - ******* Starting Add Customer Test **********
2022-02-11 12:41:39,837 - root - INFO - ************* Providing customer info **********
2022-02-11 12:41:39,837 - root - INFO - ************* Providing customer info **********
2022-02-11 12:41:39,837 - root - INFO - ************* Providing customer info **********
2022-02-11 12:41:39,837 - root - INFO - ************* Providing customer info **********
2022-02-11 12:41:39,837 - root - INFO - ************* Providing customer info **********
2022-02-11 12:41:52,781 - root - INFO - ************* Saving customer info **********
2022-02-11 12:41:52,781 - root - INFO - ************* Saving customer info **********
2022-02-11 12:41:52,781 - root - INFO - ************* Saving customer info **********
2022-02-11 12:41:52,781 - root - INFO - ************* Saving customer info **********
2022-02-11 12:41:52,781 - root - INFO - ************* Saving customer info **********
2022-02-11 12:41:52,782 - root - INFO - ********* Add customer validation started *****************
2022-02-11 12:41:52,782 - root - INFO - ********* Add customer validation started *****************
2022-02-11 12:41:52,782 - root - INFO - ********* Add customer validation started *****************
2022-02-11 12:41:52,782 - root - INFO - ********* Add customer validation started *****************
2022-02-11 12:41:52,782 - root - INFO - ********* Add customer validation started *****************
2022-02-11 12:41:53,562 - root - INFO - ********* Add customer Test Passed *********
2022-02-11 12:41:53,562 - root - INFO - ********* Add customer Test Passed *********
2022-02-11 12:41:53,562 - root - INFO - ********* Add customer Test Passed *********
2022-02-11 12:41:53,562 - root - INFO - ********* Add customer Test Passed *********
2022-02-11 12:41:53,562 - root - INFO - ********* Add customer Test Passed *********
2022-02-11 12:41:53,687 - root - INFO - ******* Ending Add customer test **********
2022-02-11 12:41:53,687 - root - INFO - ******* Ending Add customer test **********
2022-02-11 12:41:53,687 - root - INFO - ******* Ending Add customer test **********
2022-02-11 12:41:53,687 - root - INFO - ******* Ending Add customer test **********
2022-02-11 12:41:53,687 - root - INFO - ******* Ending Add customer test **********
2022-02-11 12:41:55,275 - root - INFO - *******TEST_001_LOGIN*******
2022-02-11 12:41:55,275 - root - INFO - *******TEST_001_LOGIN*******
2022-02-11 12:41:55,275 - root - INFO - *******TEST_001_LOGIN*******
2022-02-11 12:41:55,275 - root - INFO - *******TEST_001_LOGIN*******
2022-02-11 12:41:55,275 - root - INFO - *******TEST_001_LOGIN*******
2022-02-11 12:41:55,275 - root - INFO - ******** Verifying Home Page Title******
2022-02-11 12:41:55,275 - root - INFO - ******** Verifying Home Page Title******
2022-02-11 12:41:55,275 - root - INFO - ******** Verifying Home Page Title******
2022-02-11 12:41:55,275 - root - INFO - ******** Verifying Home Page Title******
2022-02-11 12:41:55,275 - root - INFO - ******** Verifying Home Page Title******
2022-02-11 12:41:59,084 - root - INFO - ******** Home Page title test is passed ********
2022-02-11 12:41:59,084 - root - INFO - ******** Home Page title test is passed ********
2022-02-11 12:41:59,084 - root - INFO - ******** Home Page title test is passed ********
2022-02-11 12:41:59,084 - root - INFO - ******** Home Page title test is passed ********
2022-02-11 12:41:59,084 - root - INFO - ******** Home Page title test is passed ********
2022-02-11 12:42:00,599 - root - INFO - ************* SearchCustomerByEmail_004 **********
2022-02-11 12:42:00,599 - root - INFO - ************* SearchCustomerByEmail_004 **********
2022-02-11 12:42:00,599 - root - INFO - ************* SearchCustomerByEmail_004 **********
2022-02-11 12:42:00,599 - root - INFO - ************* SearchCustomerByEmail_004 **********
2022-02-11 12:42:00,599 - root - INFO - ************* SearchCustomerByEmail_004 **********
2022-02-11 12:42:23,038 - root - INFO - ************* Login succesful **********
2022-02-11 12:42:23,038 - root - INFO - ************* Login succesful **********
2022-02-11 12:42:23,038 - root - INFO - ************* Login succesful **********
2022-02-11 12:42:23,038 - root - INFO - ************* Login succesful **********
2022-02-11 12:42:23,038 - root - INFO - ************* Login succesful **********
2022-02-11 12:42:23,038 - root - INFO - ******* Starting Search Customer By Email **********
2022-02-11 12:42:23,038 - root - INFO - ******* Starting Search Customer By Email **********
2022-02-11 12:42:23,038 - root - INFO - ******* Starting Search Customer By Email **********
2022-02-11 12:42:23,038 - root - INFO - ******* Starting Search Customer By Email **********
2022-02-11 12:42:23,038 - root - INFO - ******* Starting Search Customer By Email **********
2022-02-11 12:42:25,073 - root - INFO - ************* searching customer by emailID **********
2022-02-11 12:42:25,073 - root - INFO - ************* searching customer by emailID **********
2022-02-11 12:42:25,073 - root - INFO - ************* searching customer by emailID **********
2022-02-11 12:42:25,073 - root - INFO - ************* searching customer by emailID **********
2022-02-11 12:42:25,073 - root - INFO - ************* searching customer by emailID **********
2022-02-11 12:48:34,028 - root - INFO - ************* Test_003_AddCustomer **********
2022-02-11 12:48:34,028 - root - INFO - ************* Test_003_AddCustomer **********
2022-02-11 12:48:34,028 - root - INFO - ************* Test_003_AddCustomer **********
2022-02-11 12:48:34,028 - root - INFO - ************* Test_003_AddCustomer **********
2022-02-11 12:48:34,028 - root - INFO - ************* Test_003_AddCustomer **********
2022-02-11 12:49:09,805 - root - INFO - ************* Login succesful **********
2022-02-11 12:49:09,805 - root - INFO - ************* Login succesful **********
2022-02-11 12:49:09,805 - root - INFO - ************* Login succesful **********
2022-02-11 12:49:09,805 - root - INFO - ************* Login succesful **********
2022-02-11 12:49:09,805 - root - INFO - ************* Login succesful **********
2022-02-11 12:49:09,805 - root - INFO - ******* Starting Add Customer Test **********
2022-02-11 12:49:09,805 - root - INFO - ******* Starting Add Customer Test **********
2022-02-11 12:49:09,805 - root - INFO - ******* Starting Add Customer Test **********
2022-02-11 12:49:09,805 - root - INFO - ******* Starting Add Customer Test **********
2022-02-11 12:49:09,805 - root - INFO - ******* Starting Add Customer Test **********
2022-02-11 12:49:11,529 - root - INFO - *******TEST_001_LOGIN*******
2022-02-11 12:49:11,529 - root - INFO - *******TEST_001_LOGIN*******
2022-02-11 12:49:11,529 - root - INFO - *******TEST_001_LOGIN*******
2022-02-11 12:49:11,529 - root - INFO - *******TEST_001_LOGIN*******
2022-02-11 12:49:11,529 - root - INFO - *******TEST_001_LOGIN*******
2022-02-11 12:49:11,530 - root - INFO - ******** Verifying Home Page Title******
2022-02-11 12:49:11,530 - root - INFO - ******** Verifying Home Page Title******
2022-02-11 12:49:11,530 - root - INFO - ******** Verifying Home Page Title******
2022-02-11 12:49:11,530 - root - INFO - ******** Verifying Home Page Title******
2022-02-11 12:49:11,530 - root - INFO - ******** Verifying Home Page Title******
2022-02-11 12:49:14,102 - root - INFO - ******** Home Page title test is passed ********
2022-02-11 12:49:14,102 - root - INFO - ******** Home Page title test is passed ********
2022-02-11 12:49:14,102 - root - INFO - ******** Home Page title test is passed ********
2022-02-11 12:49:14,102 - root - INFO - ******** Home Page title test is passed ********
2022-02-11 12:49:14,102 - root - INFO - ******** Home Page title test is passed ********
2022-02-11 12:49:15,511 - root - INFO - ************* SearchCustomerByEmail_004 **********
2022-02-11 12:49:15,511 - root - INFO - ************* SearchCustomerByEmail_004 **********
2022-02-11 12:49:15,511 - root - INFO - ************* SearchCustomerByEmail_004 **********
2022-02-11 12:49:15,511 - root - INFO - ************* SearchCustomerByEmail_004 **********
2022-02-11 12:49:15,511 - root - INFO - ************* SearchCustomerByEmail_004 **********
2022-02-11 13:05:36,512 - root - INFO - ************* Test_003_AddCustomer **********
2022-02-11 13:05:36,512 - root - INFO - ************* Test_003_AddCustomer **********
2022-02-11 13:05:36,512 - root - INFO - ************* Test_003_AddCustomer **********
2022-02-11 13:05:36,512 - root - INFO - ************* Test_003_AddCustomer **********
2022-02-11 13:05:36,512 - root - INFO - ************* Test_003_AddCustomer **********
2022-02-11 13:05:42,736 - root - INFO - ************* Login succesful **********
2022-02-11 13:05:42,736 - root - INFO - ************* Login succesful **********
2022-02-11 13:05:42,736 - root - INFO - ************* Login succesful **********
2022-02-11 13:05:42,736 - root - INFO - ************* Login succesful **********
2022-02-11 13:05:42,736 - root - INFO - ************* Login succesful **********
2022-02-11 13:05:42,736 - root - INFO - ******* Starting Add Customer Test **********
2022-02-11 13:05:42,736 - root - INFO - ******* Starting Add Customer Test **********
2022-02-11 13:05:42,736 - root - INFO - ******* Starting Add Customer Test **********
2022-02-11 13:05:42,736 - root - INFO - ******* Starting Add Customer Test **********
2022-02-11 13:05:42,736 - root - INFO - ******* Starting Add Customer Test **********
2022-02-11 13:05:45,813 - root - INFO - ************* Providing customer info **********
2022-02-11 13:05:45,813 - root - INFO - ************* Providing customer info **********
2022-02-11 13:05:45,813 - root - INFO - ************* Providing customer info **********
2022-02-11 13:05:45,813 - root - INFO - ************* Providing customer info **********
2022-02-11 13:05:45,813 - root - INFO - ************* Providing customer info **********
2022-02-11 13:05:57,921 - root - INFO - ************* Saving customer info **********
2022-02-11 13:05:57,921 - root - INFO - ************* Saving customer info **********
2022-02-11 13:05:57,921 - root - INFO - ************* Saving customer info **********
2022-02-11 13:05:57,921 - root - INFO - ************* Saving customer info **********
2022-02-11 13:05:57,921 - root - INFO - ************* Saving customer info **********
2022-02-11 13:05:57,922 - root - INFO - ********* Add customer validation started *****************
2022-02-11 13:05:57,922 - root - INFO - ********* Add customer validation started *****************
2022-02-11 13:05:57,922 - root - INFO - ********* Add customer validation started *****************
2022-02-11 13:05:57,922 - root - INFO - ********* Add customer validation started *****************
2022-02-11 13:05:57,922 - root - INFO - ********* Add customer validation started *****************
2022-02-11 13:05:58,679 - root - INFO - ********* Add customer Test Passed *********
2022-02-11 13:05:58,679 - root - INFO - ********* Add customer Test Passed *********
2022-02-11 13:05:58,679 - root - INFO - ********* Add customer Test Passed *********
2022-02-11 13:05:58,679 - root - INFO - ********* Add customer Test Passed *********
2022-02-11 13:05:58,679 - root - INFO - ********* Add customer Test Passed *********
2022-02-11 13:05:58,841 - root - INFO - ******* Ending Add customer test **********
2022-02-11 13:05:58,841 - root - INFO - ******* Ending Add customer test **********
2022-02-11 13:05:58,841 - root - INFO - ******* Ending Add customer test **********
2022-02-11 13:05:58,841 - root - INFO - ******* Ending Add customer test **********
2022-02-11 13:05:58,841 - root - INFO - ******* Ending Add customer test **********
2022-02-11 13:06:00,208 - root - INFO - *******TEST_001_LOGIN*******
2022-02-11 13:06:00,208 - root - INFO - *******TEST_001_LOGIN*******
2022-02-11 13:06:00,208 - root - INFO - *******TEST_001_LOGIN*******
2022-02-11 13:06:00,208 - root - INFO - *******TEST_001_LOGIN*******
2022-02-11 13:06:00,208 - root - INFO - *******TEST_001_LOGIN*******
2022-02-11 13:06:00,209 - root - INFO - ******** Verifying Home Page Title******
2022-02-11 13:06:00,209 - root - INFO - ******** Verifying Home Page Title******
2022-02-11 13:06:00,209 - root - INFO - ******** Verifying Home Page Title******
2022-02-11 13:06:00,209 - root - INFO - ******** Verifying Home Page Title******
2022-02-11 13:06:00,209 - root - INFO - ******** Verifying Home Page Title******
2022-02-11 13:07:38,936 - root - ERROR - ******** Home Page title is Passes *********
2022-02-11 13:07:38,936 - root - ERROR - ******** Home Page title is Passes *********
2022-02-11 13:07:38,936 - root - ERROR - ******** Home Page title is Passes *********
2022-02-11 13:07:38,936 - root - ERROR - ******** Home Page title is Passes *********
2022-02-11 13:07:38,936 - root - ERROR - ******** Home Page title is Passes *********
2022-02-11 13:07:40,530 - root - INFO - ************* SearchCustomerByEmail_004 **********
2022-02-11 13:07:40,530 - root - INFO - ************* SearchCustomerByEmail_004 **********
2022-02-11 13:07:40,530 - root - INFO - ************* SearchCustomerByEmail_004 **********
2022-02-11 13:07:40,530 - root - INFO - ************* SearchCustomerByEmail_004 **********
2022-02-11 13:07:40,530 - root - INFO - ************* SearchCustomerByEmail_004 **********
2022-02-11 13:08:00,726 - root - INFO - ************* Login succesful **********
2022-02-11 13:08:00,726 - root - INFO - ************* Login succesful **********
2022-02-11 13:08:00,726 - root - INFO - ************* Login succesful **********
2022-02-11 13:08:00,726 - root - INFO - ************* Login succesful **********
2022-02-11 13:08:00,726 - root - INFO - ************* Login succesful **********
2022-02-11 13:08:00,726 - root - INFO - ******* Starting Search Customer By Email **********
2022-02-11 13:08:00,726 - root - INFO - ******* Starting Search Customer By Email **********
2022-02-11 13:08:00,726 - root - INFO - ******* Starting Search Customer By Email **********
2022-02-11 13:08:00,726 - root - INFO - ******* Starting Search Customer By Email **********
2022-02-11 13:08:00,726 - root - INFO - ******* Starting Search Customer By Email **********
2022-02-11 13:08:02,251 - root - INFO - ************* searching customer by emailID **********
2022-02-11 13:08:02,251 - root - INFO - ************* searching customer by emailID **********
2022-02-11 13:08:02,251 - root - INFO - ************* searching customer by emailID **********
2022-02-11 13:08:02,251 - root - INFO - ************* searching customer by emailID **********
2022-02-11 13:08:02,251 - root - INFO - ************* searching customer by emailID **********
2022-02-11 13:12:33,396 - root - INFO - ************* Test_003_AddCustomer **********
2022-02-11 13:12:33,396 - root - INFO - ************* Test_003_AddCustomer **********
2022-02-11 13:12:33,396 - root - INFO - ************* Test_003_AddCustomer **********
2022-02-11 13:12:33,396 - root - INFO - ************* Test_003_AddCustomer **********
2022-02-11 13:12:33,396 - root - INFO - ************* Test_003_AddCustomer **********
2022-02-11 13:12:55,089 - root - INFO - ************* Login succesful **********
2022-02-11 13:12:55,089 - root - INFO - ************* Login succesful **********
2022-02-11 13:12:55,089 - root - INFO - ************* Login succesful **********
2022-02-11 13:12:55,089 - root - INFO - ************* Login succesful **********
2022-02-11 13:12:55,089 - root - INFO - ************* Login succesful **********
2022-02-11 13:12:55,089 - root - INFO - ******* Starting Add Customer Test **********
2022-02-11 13:12:55,089 - root - INFO - ******* Starting Add Customer Test **********
2022-02-11 13:12:55,089 - root - INFO - ******* Starting Add Customer Test **********
2022-02-11 13:12:55,089 - root - INFO - ******* Starting Add Customer Test **********
2022-02-11 13:12:55,089 - root - INFO - ******* Starting Add Customer Test **********
2022-02-11 13:12:58,750 - root - INFO - ************* Providing customer info **********
2022-02-11 13:12:58,750 - root - INFO - ************* Providing customer info **********
2022-02-11 13:12:58,750 - root - INFO - ************* Providing customer info **********
2022-02-11 13:12:58,750 - root - INFO - ************* Providing customer info **********
2022-02-11 13:12:58,750 - root - INFO - ************* Providing customer info **********
2022-02-11 13:13:10,417 - root - INFO - ************* Saving customer info **********
2022-02-11 13:13:10,417 - root - INFO - ************* Saving customer info **********
2022-02-11 13:13:10,417 - root - INFO - ************* Saving customer info **********
2022-02-11 13:13:10,417 - root - INFO - ************* Saving customer info **********
2022-02-11 13:13:10,417 - root - INFO - ************* Saving customer info **********
2022-02-11 13:13:10,417 - root - INFO - ********* Add customer validation started *****************
2022-02-11 13:13:10,417 - root - INFO - ********* Add customer validation started *****************
2022-02-11 13:13:10,417 - root - INFO - ********* Add customer validation started *****************
2022-02-11 13:13:10,417 - root - INFO - ********* Add customer validation started *****************
2022-02-11 13:13:10,417 - root - INFO - ********* Add customer validation started *****************
2022-02-11 13:13:11,175 - root - INFO - ********* Add customer Test Passed *********
2022-02-11 13:13:11,175 - root - INFO - ********* Add customer Test Passed *********
2022-02-11 13:13:11,175 - root - INFO - ********* Add customer Test Passed *********
2022-02-11 13:13:11,175 - root - INFO - ********* Add customer Test Passed *********
2022-02-11 13:13:11,175 - root - INFO - ********* Add customer Test Passed *********
2022-02-11 13:13:11,303 - root - INFO - ******* Ending Add customer test **********
2022-02-11 13:13:11,303 - root - INFO - ******* Ending Add customer test **********
2022-02-11 13:13:11,303 - root - INFO - ******* Ending Add customer test **********
2022-02-11 13:13:11,303 - root - INFO - ******* Ending Add customer test **********
2022-02-11 13:13:11,303 - root - INFO - ******* Ending Add customer test **********
2022-02-11 13:13:12,719 - root - INFO - *******TEST_001_LOGIN*******
2022-02-11 13:13:12,719 - root - INFO - *******TEST_001_LOGIN*******
2022-02-11 13:13:12,719 - root - INFO - *******TEST_001_LOGIN*******
2022-02-11 13:13:12,719 - root - INFO - *******TEST_001_LOGIN*******
2022-02-11 13:13:12,719 - root - INFO - *******TEST_001_LOGIN*******
2022-02-11 13:13:12,720 - root - INFO - ******** Verifying Home Page Title******
2022-02-11 13:13:12,720 - root - INFO - ******** Verifying Home Page Title******
2022-02-11 13:13:12,720 - root - INFO - ******** Verifying Home Page Title******
2022-02-11 13:13:12,720 - root - INFO - ******** Verifying Home Page Title******
2022-02-11 13:13:12,720 - root - INFO - ******** Verifying Home Page Title******
2022-02-11 13:13:16,064 - root - INFO - ******** Home Page title test is passed ********
2022-02-11 13:13:16,064 - root - INFO - ******** Home Page title test is passed ********
2022-02-11 13:13:16,064 - root - INFO - ******** Home Page title test is passed ********
2022-02-11 13:13:16,064 - root - INFO - ******** Home Page title test is passed ********
2022-02-11 13:13:16,064 - root - INFO - ******** Home Page title test is passed ********
2022-02-11 13:13:17,391 - root - INFO - *******verifying Login Test*******
2022-02-11 13:13:17,391 - root - INFO - *******verifying Login Test*******
2022-02-11 13:13:17,391 - root - INFO - *******verifying Login Test*******
2022-02-11 13:13:17,391 - root - INFO - *******verifying Login Test*******
2022-02-11 13:13:17,391 - root - INFO - *******verifying Login Test*******
2022-02-11 13:13:24,389 - root - INFO - *******Verifying Login test*******
2022-02-11 13:13:24,389 - root - INFO - *******Verifying Login test*******
2022-02-11 13:13:24,389 - root - INFO - *******Verifying Login test*******
2022-02-11 13:13:24,389 - root - INFO - *******Verifying Login test*******
2022-02-11 13:13:24,389 - root - INFO - *******Verifying Login test*******
2022-02-11 13:13:25,849 - root - INFO - ******* Starting Test_002_DDT_Login Test **********
2022-02-11 13:13:25,849 - root - INFO - ******* Starting Test_002_DDT_Login Test **********
2022-02-11 13:13:25,849 - root - INFO - ******* Starting Test_002_DDT_Login Test **********
2022-02-11 13:13:25,849 - root - INFO - ******* Starting Test_002_DDT_Login Test **********
2022-02-11 13:13:25,849 - root - INFO - ******* Starting Test_002_DDT_Login Test **********
2022-02-11 13:13:25,849 - root - INFO - ******* Starting Login DDT Test **********
2022-02-11 13:13:25,849 - root - INFO - ******* Starting Login DDT Test **********
2022-02-11 13:13:25,849 - root - INFO - ******* Starting Login DDT Test **********
2022-02-11 13:13:25,849 - root - INFO - ******* Starting Login DDT Test **********
2022-02-11 13:13:25,849 - root - INFO - ******* Starting Login DDT Test **********
2022-02-11 13:14:01,279 - root - INFO - **** passed ****
2022-02-11 13:14:01,279 - root - INFO - **** passed ****
2022-02-11 13:14:01,279 - root - INFO - **** passed ****
2022-02-11 13:14:01,279 - root - INFO - **** passed ****
2022-02-11 13:14:01,279 - root - INFO - **** passed ****
2022-02-11 13:14:04,021 - root - INFO - ************* SearchCustomerByName_005 **********
2022-02-11 13:14:04,021 - root - INFO - ************* SearchCustomerByName_005 **********
2022-02-11 13:14:04,021 - root - INFO - ************* SearchCustomerByName_005 **********
2022-02-11 13:14:04,021 - root - INFO - ************* SearchCustomerByName_005 **********
2022-02-11 13:14:04,021 - root - INFO - ************* SearchCustomerByName_005 **********
2022-02-11 13:14:19,571 - root - INFO - ************* Login succesful **********
2022-02-11 13:14:19,571 - root - INFO - ************* Login succesful **********
2022-02-11 13:14:19,571 - root - INFO - ************* Login succesful **********
2022-02-11 13:14:19,571 - root - INFO - ************* Login succesful **********
2022-02-11 13:14:19,571 - root - INFO - ************* Login succesful **********
2022-02-11 13:14:19,571 - root - INFO - ******* Starting Search Customer By Name **********
2022-02-11 13:14:19,571 - root - INFO - ******* Starting Search Customer By Name **********
2022-02-11 13:14:19,571 - root - INFO - ******* Starting Search Customer By Name **********
2022-02-11 13:14:19,571 - root - INFO - ******* Starting Search Customer By Name **********
2022-02-11 13:14:19,571 - root - INFO - ******* Starting Search Customer By Name **********
2022-02-11 13:14:23,627 - root - INFO - ************* searching customer by Name **********
2022-02-11 13:14:23,627 - root - INFO - ************* searching customer by Name **********
2022-02-11 13:14:23,627 - root - INFO - ************* searching customer by Name **********
2022-02-11 13:14:23,627 - root - INFO - ************* searching customer by Name **********
2022-02-11 13:14:23,627 - root - INFO - ************* searching customer by Name **********
2022-02-11 13:14:29,405 - root - INFO - ***************  TC_SearchCustomerByName_005 Finished  *********** 
2022-02-11 13:14:29,405 - root - INFO - ***************  TC_SearchCustomerByName_005 Finished  *********** 
2022-02-11 13:14:29,405 - root - INFO - ***************  TC_SearchCustomerByName_005 Finished  *********** 
2022-02-11 13:14:29,405 - root - INFO - ***************  TC_SearchCustomerByName_005 Finished  *********** 
2022-02-11 13:14:29,405 - root - INFO - ***************  TC_SearchCustomerByName_005 Finished  *********** 
2022-02-11 13:14:30,776 - root - INFO - ************* SearchCustomerByEmail_004 **********
2022-02-11 13:14:30,776 - root - INFO - ************* SearchCustomerByEmail_004 **********
2022-02-11 13:14:30,776 - root - INFO - ************* SearchCustomerByEmail_004 **********
2022-02-11 13:14:30,776 - root - INFO - ************* SearchCustomerByEmail_004 **********
2022-02-11 13:14:30,776 - root - INFO - ************* SearchCustomerByEmail_004 **********
2022-02-11 13:14:36,282 - root - INFO - ************* Login succesful **********
2022-02-11 13:14:36,282 - root - INFO - ************* Login succesful **********
2022-02-11 13:14:36,282 - root - INFO - ************* Login succesful **********
2022-02-11 13:14:36,282 - root - INFO - ************* Login succesful **********
2022-02-11 13:14:36,282 - root - INFO - ************* Login succesful **********
2022-02-11 13:14:36,283 - root - INFO - ******* Starting Search Customer By Email **********
2022-02-11 13:14:36,283 - root - INFO - ******* Starting Search Customer By Email **********
2022-02-11 13:14:36,283 - root - INFO - ******* Starting Search Customer By Email **********
2022-02-11 13:14:36,283 - root - INFO - ******* Starting Search Customer By Email **********
2022-02-11 13:14:36,283 - root - INFO - ******* Starting Search Customer By Email **********
2022-02-11 13:14:37,956 - root - INFO - ************* searching customer by emailID **********
2022-02-11 13:14:37,956 - root - INFO - ************* searching customer by emailID **********
2022-02-11 13:14:37,956 - root - INFO - ************* searching customer by emailID **********
2022-02-11 13:14:37,956 - root - INFO - ************* searching customer by emailID **********
2022-02-11 13:14:37,956 - root - INFO - ************* searching customer by emailID **********
2022-02-11 13:20:08,843 - root - INFO - ************* SearchCustomerByEmail_004 **********
2022-02-11 13:20:46,282 - root - INFO - ************* SearchCustomerByEmail_004 **********
2022-02-11 13:20:58,037 - root - INFO - ************* Login succesful **********
2022-02-11 13:20:58,038 - root - INFO - ******* Starting Search Customer By Email **********
2022-02-11 13:21:00,525 - root - INFO - ************* searching customer by emailID **********
2022-02-11 13:23:44,643 - root - INFO - ************* SearchCustomerByEmail_004 **********
2022-02-11 13:24:07,275 - root - INFO - ************* Login succesful **********
2022-02-11 13:24:07,275 - root - INFO - ******* Starting Search Customer By Email **********
2022-02-11 13:24:08,577 - root - INFO - ************* searching customer by emailID **********
2022-02-11 13:25:16,308 - root - INFO - ************* SearchCustomerByEmail_004 **********
2022-02-11 13:25:59,015 - root - INFO - ************* SearchCustomerByEmail_004 **********
2022-02-11 13:26:21,125 - root - INFO - ************* Login succesful **********
2022-02-11 13:26:21,125 - root - INFO - ******* Starting Search Customer By Email **********
2022-02-11 13:26:23,244 - root - INFO - ************* searching customer by emailID **********
2022-02-11 13:26:29,383 - root - INFO - ***************  TC_SearchCustomerByEmail_004 Finished  *********** 
